---
:spec: "./spec/another_spec.rb"
:files:
- "./lib/sample.rb"
---
:spec: "./spec/another_spec.rb"
:files:
- "./lib/sample.rb"
---
:spec: "./spec/another_spec.rb"
:files:
- "./lib/sample.rb"
---
:spec: "./spec/another_spec.rb"
:files:
- "./lib/sample.rb"
---
:spec: "./spec/another_spec.rb"
:files:
- "./lib/sample.rb"
---
:spec: "./spec/sample_spec.rb"
:files:
- "./lib/sample.rb"
---
:spec: "./spec/sample_spec.rb"
:files:
- "./lib/sample.rb"
---
:spec: "./spec/sample_spec.rb"
:files:
- "./lib/sample.rb"
---
:spec: "./spec/sample_spec.rb"
:files:
- "./lib/sample.rb"
---
:spec: "./spec/sample_spec.rb"
:files:
- "./lib/sample.rb"
